<?xml version="1.0" encoding="UTF-8"?>
<testsuite xmlns:xsi="http://www.w3.org/2001/XMLSchema-instance" xsi:noNamespaceSchemaLocation="https://maven.apache.org/surefire/maven-surefire-plugin/xsd/surefire-test-report-3.0.xsd" version="3.0" name="ba.unsa.etf.eureka.EurekaApplicationTests" time="7.502" tests="1" errors="0" skipped="0" failures="0">
  <properties>
[...]
</properties>
  <testcase name="contextLoads" classname="ba.unsa.etf.eureka.EurekaApplicationTests" time="1.007">
    <system-out><![CDATA[Standard Commons Logging discovery in action with spring-jcl: please remove commons-logging.jar from classpath in order to avoid potential conflicts
20:51:25.647 [main] INFO org.springframework.test.context.support.AnnotationConfigContextLoaderUtils -- Could not detect default configuration classes for test class [ba.unsa.etf.eureka.EurekaApplicationTests]: EurekaApplicationTests does not declare any static, non-private, non-final, nested classes annotated with @Configuration.
20:51:25.805 [main] INFO org.springframework.boot.test.context.SpringBootTestContextBootstrapper -- Found @SpringBootConfiguration ba.unsa.etf.eureka.EurekaApplication for test class ba.unsa.etf.eureka.EurekaApplicationTests

  .   ____          _            __ _ _
 /\\ / ___'_ __ _ _(_)_ __  __ _ \ \ \ \
( ( )\___ | '_ | '_| | '_ \/ _` | \ \ \ \
 \\/  ___)| |_)| | | | | || (_| |  ) ) ) )
  '  |____| .__|_| |_|_| |_\__, | / / / /
 =========|_|==============|___/=/_/_/_/
 :: Spring Boot ::                (v3.2.5)

2025-05-09T20:51:27.249+02:00  INFO 5584 --- [eureka-server] [           main] b.u.etf.eureka.EurekaApplicationTests    : No active profile set, falling back to 1 default profile: "default"
2025-05-09T20:51:28.601+02:00  INFO 5584 --- [eureka-server] [           main] o.s.cloud.context.scope.GenericScope     : BeanFactory id=dcba259e-0e39-32ed-a566-8c332b4adc09
2025-05-09T20:51:30.585+02:00  WARN 5584 --- [eureka-server] [           main] iguration$LoadBalancerCaffeineWarnLogger : Spring Cloud LoadBalancer is currently working with the default cache. While this cache implementation is useful for development and tests, it's recommended to use Caffeine cache in production.You can switch to using Caffeine cache, by adding it and org.springframework.cache.caffeine.CaffeineCacheManager to the classpath.
2025-05-09T20:51:30.892+02:00  INFO 5584 --- [eureka-server] [           main] o.s.c.n.eureka.InstanceInfoFactory       : Setting initial instance status as: STARTING
2025-05-09T20:51:30.904+02:00  INFO 5584 --- [eureka-server] [           main] com.netflix.discovery.DiscoveryClient    : Initializing Eureka in region us-east-1
2025-05-09T20:51:30.904+02:00  INFO 5584 --- [eureka-server] [           main] com.netflix.discovery.DiscoveryClient    : Client configured to neither register nor query for data.
2025-05-09T20:51:30.920+02:00  INFO 5584 --- [eureka-server] [           main] com.netflix.discovery.DiscoveryClient    : Discovery Client initialized at timestamp 1746816690904 with initial instances count: 0
2025-05-09T20:51:30.983+02:00  INFO 5584 --- [eureka-server] [           main] c.n.eureka.DefaultEurekaServerContext    : Initializing ...
2025-05-09T20:51:30.983+02:00  INFO 5584 --- [eureka-server] [           main] c.n.eureka.cluster.PeerEurekaNodes       : Adding new peer nodes [http://localhost:8761/eureka/]
2025-05-09T20:51:31.283+02:00  INFO 5584 --- [eureka-server] [           main] c.n.d.provider.DiscoveryJerseyProvider   : Using JSON encoding codec LegacyJacksonJson
2025-05-09T20:51:31.299+02:00  INFO 5584 --- [eureka-server] [           main] c.n.d.provider.DiscoveryJerseyProvider   : Using JSON decoding codec LegacyJacksonJson
2025-05-09T20:51:31.299+02:00  INFO 5584 --- [eureka-server] [           main] c.n.d.provider.DiscoveryJerseyProvider   : Using XML encoding codec XStreamXml
2025-05-09T20:51:31.299+02:00  INFO 5584 --- [eureka-server] [           main] c.n.d.provider.DiscoveryJerseyProvider   : Using XML decoding codec XStreamXml
2025-05-09T20:51:31.389+02:00  INFO 5584 --- [eureka-server] [           main] c.n.eureka.cluster.PeerEurekaNodes       : Replica node URL:  http://localhost:8761/eureka/
2025-05-09T20:51:31.407+02:00  INFO 5584 --- [eureka-server] [           main] c.n.e.registry.AbstractInstanceRegistry  : Finished initializing remote region registries. All known remote regions: []
2025-05-09T20:51:31.407+02:00  INFO 5584 --- [eureka-server] [           main] c.n.eureka.DefaultEurekaServerContext    : Initialized
2025-05-09T20:51:31.595+02:00  INFO 5584 --- [eureka-server] [           main] o.s.b.a.e.web.EndpointLinksResolver      : Exposing 1 endpoint(s) beneath base path '/actuator'
2025-05-09T20:51:31.686+02:00  INFO 5584 --- [eureka-server] [           main] o.s.c.n.e.s.EurekaServiceRegistry        : Registering application EUREKA-SERVER with eureka with status UP
2025-05-09T20:51:31.714+02:00  INFO 5584 --- [eureka-server] [           main] b.u.etf.eureka.EurekaApplicationTests    : Started EurekaApplicationTests in 5.652 seconds (process running for 7.277)
2025-05-09T20:51:31.733+02:00  INFO 5584 --- [eureka-server] [      Thread-11] o.s.c.n.e.server.EurekaServerBootstrap   : isAws returned false
2025-05-09T20:51:31.734+02:00  INFO 5584 --- [eureka-server] [      Thread-11] o.s.c.n.e.server.EurekaServerBootstrap   : Initialized server context
2025-05-09T20:51:31.734+02:00  INFO 5584 --- [eureka-server] [      Thread-11] c.n.e.r.PeerAwareInstanceRegistryImpl    : Got 1 instances from neighboring DS node
2025-05-09T20:51:31.734+02:00  INFO 5584 --- [eureka-server] [      Thread-11] c.n.e.r.PeerAwareInstanceRegistryImpl    : Renew threshold is: 1
2025-05-09T20:51:31.734+02:00  INFO 5584 --- [eureka-server] [      Thread-11] c.n.e.r.PeerAwareInstanceRegistryImpl    : Changing status to UP
2025-05-09T20:51:31.738+02:00  INFO 5584 --- [eureka-server] [      Thread-11] e.s.EurekaServerInitializerConfiguration : Started Eureka Server
]]></system-out>
    <system-err><![CDATA[WARNING: A Java agent has been loaded dynamically (C:\Users\Zira3\.m2\repository\net\bytebuddy\byte-buddy-agent\1.14.13\byte-buddy-agent-1.14.13.jar)
WARNING: If a serviceability tool is in use, please run with -XX:+EnableDynamicAgentLoading to hide this warning
WARNING: If a serviceability tool is not in use, please run with -Djdk.instrument.traceUsage for more information
WARNING: Dynamic loading of agents will be disallowed by default in a future release
]]></system-err>
  </testcase>
</testsuite>