<?xml version="1.0" encoding="UTF-8"?>
<testsuite xmlns:xsi="http://www.w3.org/2001/XMLSchema-instance" xsi:noNamespaceSchemaLocation="https://maven.apache.org/surefire/maven-surefire-plugin/xsd/surefire-test-report.xsd" version="3.0.2" name="ba.unsa.etf.config_server.ConfigServerApplicationTests" time="7.195" tests="1" errors="0" skipped="0" failures="0">
  <properties>
[...]
</properties>
  <testcase name="contextLoads" classname="ba.unsa.etf.config_server.ConfigServerApplicationTests" time="1.046">
    <system-out><![CDATA[21:59:28.578 [main] INFO org.springframework.test.context.support.AnnotationConfigContextLoaderUtils -- Could not detect default configuration classes for test class [ba.unsa.etf.config_server.ConfigServerApplicationTests]: ConfigServerApplicationTests does not declare any static, non-private, non-final, nested classes annotated with @Configuration.
21:59:28.754 [main] INFO org.springframework.boot.test.context.SpringBootTestContextBootstrapper -- Found @SpringBootConfiguration ba.unsa.etf.config_server.ConfigServerApplication for test class ba.unsa.etf.config_server.ConfigServerApplicationTests

  .   ____          _            __ _ _
 /\\ / ___'_ __ _ _(_)_ __  __ _ \ \ \ \
( ( )\___ | '_ | '_| | '_ \/ _` | \ \ \ \
 \\/  ___)| |_)| | | | | || (_| |  ) ) ) )
  '  |____| .__|_| |_|_| |_\__, | / / / /
 =========|_|==============|___/=/_/_/_/

 :: Spring Boot ::                (v3.4.5)

2025-05-09T21:59:29.674+02:00  INFO 1252 --- [           main] b.u.e.c.ConfigServerApplicationTests     : Starting ConfigServerApplicationTests using Java 21.0.6 with PID 1252 (started by Zira3 in C:\Users\Zira3\Desktop\Dalila\ETF\Master\2. semestar\NWT\library-management-system\config-server)
2025-05-09T21:59:29.676+02:00  INFO 1252 --- [           main] b.u.e.c.ConfigServerApplicationTests     : The following 1 profile is active: "native"
2025-05-09T21:59:32.155+02:00  INFO 1252 --- [           main] o.s.cloud.context.scope.GenericScope     : BeanFactory id=34d0d1cf-fd4c-3f93-b661-c5f1647051d0
2025-05-09T21:59:34.348+02:00  INFO 1252 --- [           main] o.s.b.a.e.web.EndpointLinksResolver      : Exposing 2 endpoints beneath base path '/actuator'
2025-05-09T21:59:34.426+02:00  INFO 1252 --- [           main] b.u.e.c.ConfigServerApplicationTests     : Started ConfigServerApplicationTests in 5.252 seconds (process running for 6.713)
]]></system-out>
    <system-err><![CDATA[Mockito is currently self-attaching to enable the inline-mock-maker. This will no longer work in future releases of the JDK. Please add Mockito as an agent to your build what is described in Mockito's documentation: https://javadoc.io/doc/org.mockito/mockito-core/latest/org/mockito/Mockito.html#0.3
WARNING: A Java agent has been loaded dynamically (C:\Users\Zira3\.m2\repository\net\bytebuddy\byte-buddy-agent\1.15.11\byte-buddy-agent-1.15.11.jar)
WARNING: If a serviceability tool is in use, please run with -XX:+EnableDynamicAgentLoading to hide this warning
WARNING: If a serviceability tool is not in use, please run with -Djdk.instrument.traceUsage for more information
WARNING: Dynamic loading of agents will be disallowed by default in a future release
]]></system-err>
  </testcase>
</testsuite>